# JRE version: OpenJDK Runtime Environment (8.0_112-b06) (build 1.8.0_112-release-b06)
# Java VM: OpenJDK 64-Bit Server VM (25.112-b06 mixed mode linux-amd64 compressed oops)
Heap:
 PSYoungGen      total 69632K, used 5835K [0x00000000e0000000, 0x00000000e4c00000, 0x0000000100000000)
  eden space 61440K, 0% used [0x00000000e0000000,0x00000000e0000000,0x00000000e3c00000)
  from space 8192K, 71% used [0x00000000e3c00000,0x00000000e41b2ef8,0x00000000e4400000)
  to   space 7680K, 0% used [0x00000000e4480000,0x00000000e4480000,0x00000000e4c00000)
 ParOldGen       total 36352K, used 12113K [0x00000000a0000000, 0x00000000a2380000, 0x00000000e0000000)
  object space 36352K, 33% used [0x00000000a0000000,0x00000000a0bd4568,0x00000000a2380000)
 Metaspace       used 34768K, capacity 35358K, committed 35496K, reserved 1079296K
  class space    used 4660K, capacity 4855K, committed 4864K, reserved 1048576K
GC Heap History (10 events):
Event: 26.839 GC heap after
Heap after GC invocations=7 (full 1):
 PSYoungGen      total 37376K, used 0K [0x00000000e0000000, 0x00000000e2c80000, 0x0000000100000000)
  eden space 30208K, 0% used [0x00000000e0000000,0x00000000e0000000,0x00000000e1d80000)
  from space 7168K, 0% used [0x00000000e2500000,0x00000000e2500000,0x00000000e2c00000)
  to   space 7680K, 0% used [0x00000000e1d80000,0x00000000e1d80000,0x00000000e2500000)
 ParOldGen       total 36352K, used 8124K [0x00000000a0000000, 0x00000000a2380000, 0x00000000e0000000)
  object space 36352K, 22% used [0x00000000a0000000,0x00000000a07ef0c8,0x00000000a2380000)
 Metaspace       used 20757K, capacity 21076K, committed 21296K, reserved 1067008K
  class space    used 2729K, capacity 2835K, committed 2944K, reserved 1048576K
}
Event: 31.939 GC heap before
{Heap before GC invocations=8 (full 1):
 PSYoungGen      total 37376K, used 30208K [0x00000000e0000000, 0x00000000e2c80000, 0x0000000100000000)
  eden space 30208K, 100% used [0x00000000e0000000,0x00000000e1d80000,0x00000000e1d80000)
  from space 7168K, 0% used [0x00000000e2500000,0x00000000e2500000,0x00000000e2c00000)
  to   space 7680K, 0% used [0x00000000e1d80000,0x00000000e1d80000,0x00000000e2500000)
 ParOldGen       total 36352K, used 8124K [0x00000000a0000000, 0x00000000a2380000, 0x00000000e0000000)
  object space 36352K, 22% used [0x00000000a0000000,0x00000000a07ef0c8,0x00000000a2380000)
 Metaspace       used 23225K, capacity 23570K, committed 23808K, reserved 1069056K
  class space    used 3145K, capacity 3296K, committed 3328K, reserved 1048576K
Event: 31.978 GC heap after
Heap after GC invocations=8 (full 1):
 PSYoungGen      total 37888K, used 4350K [0x00000000e0000000, 0x00000000e3b80000, 0x0000000100000000)
  eden space 30208K, 0% used [0x00000000e0000000,0x00000000e0000000,0x00000000e1d80000)
  from space 7680K, 56% used [0x00000000e1d80000,0x00000000e21bf870,0x00000000e2500000)
  to   space 7680K, 0% used [0x00000000e3400000,0x00000000e3400000,0x00000000e3b80000)
 ParOldGen       total 36352K, used 8132K [0x00000000a0000000, 0x00000000a2380000, 0x00000000e0000000)
  object space 36352K, 22% used [0x00000000a0000000,0x00000000a07f10c8,0x00000000a2380000)
 Metaspace       used 23225K, capacity 23570K, committed 23808K, reserved 1069056K
  class space    used 3145K, capacity 3296K, committed 3328K, reserved 1048576K
}
Event: 33.091 GC heap before
{Heap before GC invocations=9 (full 1):
 PSYoungGen      total 37888K, used 34558K [0x00000000e0000000, 0x00000000e3b80000, 0x0000000100000000)
  eden space 30208K, 100% used [0x00000000e0000000,0x00000000e1d80000,0x00000000e1d80000)
  from space 7680K, 56% used [0x00000000e1d80000,0x00000000e21bf870,0x00000000e2500000)
  to   space 7680K, 0% used [0x00000000e3400000,0x00000000e3400000,0x00000000e3b80000)
 ParOldGen       total 36352K, used 8132K [0x00000000a0000000, 0x00000000a2380000, 0x00000000e0000000)
  object space 36352K, 22% used [0x00000000a0000000,0x00000000a07f10c8,0x00000000a2380000)
 Metaspace       used 25483K, capacity 25908K, committed 26240K, reserved 1071104K
  class space    used 3517K, capacity 3643K, committed 3712K, reserved 1048576K
Event: 33.109 GC heap after
Heap after GC invocations=9 (full 1):
 PSYoungGen      total 53248K, used 5026K [0x00000000e0000000, 0x00000000e3d80000, 0x0000000100000000)
  eden space 45568K, 0% used [0x00000000e0000000,0x00000000e0000000,0x00000000e2c80000)
  from space 7680K, 65% used [0x00000000e3400000,0x00000000e38e8898,0x00000000e3b80000)
  to   space 7680K, 0% used [0x00000000e2c80000,0x00000000e2c80000,0x00000000e3400000)
 ParOldGen       total 36352K, used 8140K [0x00000000a0000000, 0x00000000a2380000, 0x00000000e0000000)
  object space 36352K, 22% used [0x00000000a0000000,0x00000000a07f30c8,0x00000000a2380000)
 Metaspace       used 25483K, capacity 25908K, committed 26240K, reserved 1071104K
  class space    used 3517K, capacity 3643K, committed 3712K, reserved 1048576K
}
Event: 34.347 GC heap before
{Heap before GC invocations=10 (full 1):
 PSYoungGen      total 53248K, used 50594K [0x00000000e0000000, 0x00000000e3d80000, 0x0000000100000000)
  eden space 45568K, 100% used [0x00000000e0000000,0x00000000e2c80000,0x00000000e2c80000)
  from space 7680K, 65% used [0x00000000e3400000,0x00000000e38e8898,0x00000000e3b80000)
  to   space 7680K, 0% used [0x00000000e2c80000,0x00000000e2c80000,0x00000000e3400000)
 ParOldGen       total 36352K, used 8140K [0x00000000a0000000, 0x00000000a2380000, 0x00000000e0000000)
  object space 36352K, 22% used [0x00000000a0000000,0x00000000a07f30c8,0x00000000a2380000)
 Metaspace       used 28474K, capacity 28980K, committed 29184K, reserved 1075200K
  class space    used 3879K, capacity 4027K, committed 4096K, reserved 1048576K
Event: 34.365 GC heap after
Heap after GC invocations=10 (full 1):
 PSYoungGen      total 53248K, used 5644K [0x00000000e0000000, 0x00000000e4c00000, 0x0000000100000000)
  eden space 45568K, 0% used [0x00000000e0000000,0x00000000e0000000,0x00000000e2c80000)
  from space 7680K, 73% used [0x00000000e2c80000,0x00000000e32033e0,0x00000000e3400000)
  to   space 7680K, 0% used [0x00000000e4480000,0x00000000e4480000,0x00000000e4c00000)
 ParOldGen       total 36352K, used 8148K [0x00000000a0000000, 0x00000000a2380000, 0x00000000e0000000)
  object space 36352K, 22% used [0x00000000a0000000,0x00000000a07f50c8,0x00000000a2380000)
 Metaspace       used 28474K, capacity 28980K, committed 29184K, reserved 1075200K
  class space    used 3879K, capacity 4027K, committed 4096K, reserved 1048576K
}
Event: 59.390 GC heap before
{Heap before GC invocations=11 (full 1):
 PSYoungGen      total 53248K, used 51212K [0x00000000e0000000, 0x00000000e4c00000, 0x0000000100000000)
  eden space 45568K, 100% used [0x00000000e0000000,0x00000000e2c80000,0x00000000e2c80000)
  from space 7680K, 73% used [0x00000000e2c80000,0x00000000e32033e0,0x00000000e3400000)
  to   space 7680K, 0% used [0x00000000e4480000,0x00000000e4480000,0x00000000e4c00000)
 ParOldGen       total 36352K, used 8148K [0x00000000a0000000, 0x00000000a2380000, 0x00000000e0000000)
  object space 36352K, 22% used [0x00000000a0000000,0x00000000a07f50c8,0x00000000a2380000)
 Metaspace       used 31995K, capacity 32474K, committed 32640K, reserved 1077248K
  class space    used 4311K, capacity 4449K, committed 4480K, reserved 1048576K
Event: 59.554 GC heap after
Heap after GC invocations=11 (full 1):
 PSYoungGen      total 69120K, used 6742K [0x00000000e0000000, 0x00000000e4c00000, 0x0000000100000000)
  eden space 61440K, 0% used [0x00000000e0000000,0x00000000e0000000,0x00000000e3c00000)
  from space 7680K, 87% used [0x00000000e4480000,0x00000000e4b15bb0,0x00000000e4c00000)
  to   space 8192K, 0% used [0x00000000e3c00000,0x00000000e3c00000,0x00000000e4400000)
 ParOldGen       total 36352K, used 9980K [0x00000000a0000000, 0x00000000a2380000, 0x00000000e0000000)
  object space 36352K, 27% used [0x00000000a0000000,0x00000000a09bf138,0x00000000a2380000)
 Metaspace       used 31995K, capacity 32474K, committed 32640K, reserved 1077248K
  class space    used 4311K, capacity 4449K, committed 4480K, reserved 1048576K
}
Event: 144.103 GC heap before
{Heap before GC invocations=12 (full 1):
 PSYoungGen      total 69120K, used 57431K [0x00000000e0000000, 0x00000000e4c00000, 0x0000000100000000)
  eden space 61440K, 82% used [0x00000000e0000000,0x00000000e31801b0,0x00000000e3c00000)
  from space 7680K, 87% used [0x00000000e4480000,0x00000000e4b15bb0,0x00000000e4c00000)
  to   space 8192K, 0% used [0x00000000e3c00000,0x00000000e3c00000,0x00000000e4400000)
 ParOldGen       total 36352K, used 9980K [0x00000000a0000000, 0x00000000a2380000, 0x00000000e0000000)
  object space 36352K, 27% used [0x00000000a0000000,0x00000000a09bf138,0x00000000a2380000)
 Metaspace       used 34768K, capacity 35358K, committed 35496K, reserved 1079296K
  class space    used 4660K, capacity 4855K, committed 4864K, reserved 1048576K

